2025-09-18 01:10:03 - INFO - Starting Google Play scrape for com.whatsapp, 200 reviews...
2025-09-18 01:10:04 - INFO - Completed Google Play scrape in 0:00:00.874620 — 200 reviews fetched.
2025-09-18 01:10:04 - INFO - ✅ Saved 200 reviews → data/raw/google_play_reviews.csv
2025-09-18 01:10:04 - INFO - Starting App Store scrape for whatsapp-messenger (310633997), 200 reviews...
2025-09-18 01:10:05 - ERROR - Error scraping App Store reviews: "None of [Index(['id', 'userName', 'review', 'rating', 'date'], dtype='object')] are in the [columns]"
2025-09-18 01:10:05 - INFO - ✅ All scraping tasks finished.
2025-09-18 01:12:59 - INFO - Starting Google Play scrape for com.whatsapp, 200 reviews...
2025-09-18 01:13:00 - INFO - Completed Google Play scrape in 0:00:00.645899 — 200 reviews fetched.
2025-09-18 01:13:00 - INFO - ✅ Saved 200 reviews → data/raw/google_play_reviews.csv
2025-09-18 01:13:00 - INFO - Starting App Store scrape for whatsapp-messenger (310633997), 200 reviews...
2025-09-18 01:13:01 - ERROR - Error scraping App Store reviews: "None of [Index(['id', 'userName', 'review', 'rating', 'date'], dtype='object')] are in the [columns]"
2025-09-18 01:13:01 - INFO - ✅ All scraping tasks finished.
2025-09-18 01:14:52 - INFO - Starting Google Play scrape for com.whatsapp, 200 reviews...
2025-09-18 01:14:53 - INFO - Completed Google Play scrape in 0:00:00.462281 — 200 reviews fetched.
2025-09-18 01:14:53 - INFO - ✅ Saved 200 reviews → data/raw/google_play_reviews.csv
2025-09-18 01:14:53 - INFO - Starting App Store scrape for whatsapp-messenger (310633997), 200 reviews...
2025-09-18 01:14:53 - INFO - Raw App Store Reviews: []
2025-09-18 01:14:53 - INFO - Available columns: []
2025-09-18 01:14:53 - ERROR - Required columns are not available in the App Store reviews data.
2025-09-18 01:14:53 - INFO - ✅ All scraping tasks finished.
2025-09-18 01:18:10 - INFO - Starting Google Play scrape for com.whatsapp, 200 reviews...
2025-09-18 01:18:11 - INFO - Completed Google Play scrape in 0:00:00.950052 — 200 reviews fetched.
2025-09-18 01:18:11 - INFO - ✅ Saved 200 reviews → data/raw/google_play_reviews.csv
2025-09-18 01:18:11 - INFO - Starting App Store scrape for whatsapp-messenger (310633997), 200 reviews...
2025-09-18 01:18:11 - ERROR - Error scraping App Store reviews: name 'requests' is not defined
2025-09-18 01:18:11 - INFO - ✅ All scraping tasks finished.
2025-09-18 01:19:23 - INFO - Starting Google Play scrape for com.whatsapp, 200 reviews...
2025-09-18 01:19:23 - INFO - Completed Google Play scrape in 0:00:00.510093 — 200 reviews fetched.
2025-09-18 01:19:23 - INFO - ✅ Saved 200 reviews → data/raw/google_play_reviews.csv
2025-09-18 01:19:23 - INFO - Starting App Store scrape for whatsapp-messenger (310633997), 200 reviews...
2025-09-18 01:19:24 - INFO - Completed App Store scrape in 0:00:00.559599 — 50 reviews fetched.
2025-09-18 01:19:24 - INFO - Available columns: ['id', 'userName', 'review', 'rating', 'date', 'link']
2025-09-18 01:19:24 - INFO - ✅ Saved 50 reviews → data/raw/apple_store_reviews.csv
2025-09-18 01:19:24 - INFO - ✅ All scraping tasks finished.
