2025-09-20 20:11:11 - INFO - Starting Google Play scrape for com.whatsapp, 200 reviews...
2025-09-20 20:11:11 - INFO - Completed Google Play scrape in 0:00:00.382767 — 200 reviews fetched.
2025-09-20 20:11:11 - INFO - ✅ Saved 200 reviews → data/raw/google_play_reviews.csv
2025-09-20 20:11:11 - INFO - Starting App Store scrape for whatsapp-messenger (310633997), 200 reviews...
2025-09-20 20:11:12 - WARNING - ⚠️ Primary method returned no reviews, trying fallback...
2025-09-20 20:11:12 - INFO - 🌐 Using RSS feed fallback...
2025-09-20 20:11:12 - INFO - ✅ Fallback method: 50 reviews fetched
2025-09-20 20:11:12 - INFO - Available columns: ['id', 'userName', 'review', 'rating', 'date', 'link']
2025-09-20 20:11:12 - INFO - Completed App Store scrape in 0:00:00.708696 — 50 reviews fetched.
2025-09-20 20:11:12 - INFO - ✅ Saved 50 reviews → data/raw/apple_store_reviews.csv
2025-09-20 20:11:12 - INFO - ✅ All scraping tasks finished.
2025-09-20 20:34:38 - INFO - 
📱 Scraping reviews for: WhatsApp
2025-09-20 20:34:38 - INFO - Starting Google Play scrape...
2025-09-20 20:34:38 - INFO - Starting Google Play scrape for com.whatsapp, 200 reviews...
2025-09-20 20:34:39 - INFO - Completed Google Play scrape in 0:00:00.542422 — 200 reviews fetched.
2025-09-20 20:34:39 - INFO - ✅ Saved 200 reviews → data/raw/whatsapp_google_play_reviews.csv
2025-09-20 20:34:39 - INFO - Starting Apple App Store scrape...
2025-09-20 20:34:39 - INFO - Starting App Store scrape for whatsapp-messenger (310633997), 200 reviews...
2025-09-20 20:34:39 - WARNING - ⚠️ Primary method returned no reviews, trying fallback...
2025-09-20 20:34:39 - INFO - 🌐 Using proven RSS feed fallback (from test.py method)...
2025-09-20 20:34:39 - INFO - ✅ Proven RSS method: 50 reviews fetched successfully!
2025-09-20 20:34:39 - INFO - Available columns: ['id', 'userName', 'review', 'rating', 'date', 'link']
2025-09-20 20:34:39 - INFO - Completed App Store scrape in 0:00:00.664818 — 50 reviews fetched.
2025-09-20 20:34:39 - INFO - ✅ Saved 50 reviews → data/raw/whatsapp_apple_store_reviews.csv
2025-09-20 20:34:39 - INFO - ✅ All scraping tasks finished!
2025-09-20 21:03:59 - INFO - 
📱 Scraping reviews for: WhatsApp
2025-09-20 21:03:59 - INFO - Starting Google Play scrape...
2025-09-20 21:03:59 - INFO - Starting Google Play scrape for com.whatsapp, 200 reviews...
2025-09-20 21:03:59 - INFO - Completed Google Play scrape in 0:00:00.615781 — 200 reviews fetched.
2025-09-20 21:03:59 - INFO - ✅ Saved 200 reviews → data/raw/whatsapp_google_play_reviews.csv
2025-09-20 21:03:59 - INFO - Starting Apple App Store scrape...
2025-09-20 21:03:59 - INFO - Starting App Store scrape for whatsapp-messenger (310633997), 200 reviews...
2025-09-20 21:04:00 - WARNING - ⚠️ Primary method returned no reviews, trying fallback...
2025-09-20 21:04:00 - INFO - 🌐 Using proven RSS feed fallback (from test.py method)...
2025-09-20 21:04:00 - INFO - ✅ Proven RSS method: 50 reviews fetched successfully!
2025-09-20 21:04:00 - INFO - Available columns: ['id', 'userName', 'review', 'rating', 'date', 'link']
2025-09-20 21:04:00 - INFO - Completed App Store scrape in 0:00:00.614103 — 50 reviews fetched.
2025-09-20 21:04:00 - INFO - ✅ Saved 50 reviews → data/raw/whatsapp_apple_store_reviews.csv
2025-09-20 21:04:00 - INFO - ✅ All scraping tasks finished!
